pushdata2snowflake.bat 
ECHO is on.
ECHO is on.
ECHO is on.
ECHO is on.
ECHO is on.
ECHO is on.
ECHO is on.
ECHO is on.
ECHO is on.
ECHO is on.
ECHO is on.
ECHO is on.
C:\BI_and_Data_Analytics\Data\NDIS 
C:\BI_and_Data_Analytics\Data\NDIS 
C:\BI_and_Data_Analytics\Data\NDIS 
* SnowSQL * v1.1.57
Type SQL statements or !help
+----------------------------------+
| status                           |
|----------------------------------|
| Statement executed successfully. |
+----------------------------------+
1 Row(s) produced. Time Elapsed: 0.333s
+----------------------------------+
| status                           |
|----------------------------------|
| Statement executed successfully. |
+----------------------------------+
1 Row(s) produced. Time Elapsed: 0.153s
+----------------------------------------+-------------------------------------------+-------------+-------------+--------------------+--------------------+---------+-----------------------------------------------------------------+
| source                                 | target                                    | source_size | target_size | source_compression | target_compression | status  | message                                                         |
|----------------------------------------+-------------------------------------------+-------------+-------------+--------------------+--------------------+---------+-----------------------------------------------------------------|
| 201718-VIC-NSW-QLD-TAS-Price-Guide.csv | 201718-VIC-NSW-QLD-TAS-Price-Guide.csv.gz |      128037 |           0 | NONE               | GZIP               | SKIPPED | File with the same destination name and checksum already exists |
+----------------------------------------+-------------------------------------------+-------------+-------------+--------------------+--------------------+---------+-----------------------------------------------------------------+
1 Row(s) produced. Time Elapsed: 0.683s
+---------------------------------------+
| status                                |
|---------------------------------------|
| Copy executed with 0 files processed. |
+---------------------------------------+
1 Row(s) produced. Time Elapsed: 1.000s
Goodbye!
C:\BI_and_Data_Analytics\Data\NDIS 
* SnowSQL * v1.1.57
Type SQL statements or !help
+----------------------------------+
| status                           |
|----------------------------------|
| Statement executed successfully. |
+----------------------------------+
1 Row(s) produced. Time Elapsed: 0.306s
+----------------------------------+
| status                           |
|----------------------------------|
| Statement executed successfully. |
+----------------------------------+
1 Row(s) produced. Time Elapsed: 0.092s
+----------------------------------------+-------------------------------------------+-------------+-------------+--------------------+--------------------+---------+-----------------------------------------------------------------+
| source                                 | target                                    | source_size | target_size | source_compression | target_compression | status  | message                                                         |
|----------------------------------------+-------------------------------------------+-------------+-------------+--------------------+--------------------+---------+-----------------------------------------------------------------|
| 201718-VIC-NSW-QLD-TAS-Price-Guide.csv | 201718-VIC-NSW-QLD-TAS-Price-Guide.csv.gz |      128037 |           0 | NONE               | GZIP               | SKIPPED | File with the same destination name and checksum already exists |
+----------------------------------------+-------------------------------------------+-------------+-------------+--------------------+--------------------+---------+-----------------------------------------------------------------+
1 Row(s) produced. Time Elapsed: 0.514s
+---------------------------------------+
| status                                |
|---------------------------------------|
| Copy executed with 0 files processed. |
+---------------------------------------+
1 Row(s) produced. Time Elapsed: 1.373s
Goodbye!
C:\BI_and_Data_Analytics\Data\NDIS 
* SnowSQL * v1.1.57
Type SQL statements or !help
+----------------------------------+
| status                           |
|----------------------------------|
| Statement executed successfully. |
+----------------------------------+
1 Row(s) produced. Time Elapsed: 0.346s
+----------------------------------+
| status                           |
|----------------------------------|
| Statement executed successfully. |
+----------------------------------+
1 Row(s) produced. Time Elapsed: 0.100s
+----------------------------------------+-------------------------------------------+-------------+-------------+--------------------+--------------------+---------+-----------------------------------------------------------------+
| source                                 | target                                    | source_size | target_size | source_compression | target_compression | status  | message                                                         |
|----------------------------------------+-------------------------------------------+-------------+-------------+--------------------+--------------------+---------+-----------------------------------------------------------------|
| 201718-VIC-NSW-QLD-TAS-Price-Guide.csv | 201718-VIC-NSW-QLD-TAS-Price-Guide.csv.gz |      128037 |           0 | NONE               | GZIP               | SKIPPED | File with the same destination name and checksum already exists |
+----------------------------------------+-------------------------------------------+-------------+-------------+--------------------+--------------------+---------+-----------------------------------------------------------------+
1 Row(s) produced. Time Elapsed: 0.387s
+---------------------------------------+
| status                                |
|---------------------------------------|
| Copy executed with 0 files processed. |
+---------------------------------------+
1 Row(s) produced. Time Elapsed: 1.227s
Goodbye!
